1652557174.404508 client started (434036): version 3.2a, socket /tmp/tmux-1000/default, protocol 8
1652557174.404620 on Linux 5.15.36-1-MANJARO-ARM-RPI #1 SMP PREEMPT Thu Apr 28 17:35:21 UTC 2022
1652557174.404637 using libevent 2.1.12-stable (poll); ncurses 6.2
1652557174.404709 flags are 0x10010000
1652557174.404725 socket is /tmp/tmux-1000/default
1652557174.404765 trying connect
1652557174.404984 add peer 0xaaaadf0183b0: 6 ((nil))
1652557174.405640 sending message 100 to peer 0xaaaadf0183b0 (4 bytes)
1652557174.405674 sending message 111 to peer 0xaaaadf0183b0 (8 bytes)
1652557174.405691 sending message 101 to peer 0xaaaadf0183b0 (7 bytes)
1652557174.405706 sending message 109 to peer 0xaaaadf0183b0 (4 bytes)
1652557174.405722 sending message 102 to peer 0xaaaadf0183b0 (11 bytes)
1652557174.405737 sending message 108 to peer 0xaaaadf0183b0 (44 bytes)
1652557174.405753 sending message 112 to peer 0xaaaadf0183b0 (70 bytes)
1652557174.405769 sending message 112 to peer 0xaaaadf0183b0 (5 bytes)
1652557174.405785 sending message 112 to peer 0xaaaadf0183b0 (5 bytes)
1652557174.405801 sending message 112 to peer 0xaaaadf0183b0 (6 bytes)
1652557174.405817 sending message 112 to peer 0xaaaadf0183b0 (6 bytes)
1652557174.405833 sending message 112 to peer 0xaaaadf0183b0 (11 bytes)
1652557174.405848 sending message 112 to peer 0xaaaadf0183b0 (10 bytes)
1652557174.405864 sending message 112 to peer 0xaaaadf0183b0 (13 bytes)
1652557174.405880 sending message 112 to peer 0xaaaadf0183b0 (13 bytes)
1652557174.405895 sending message 112 to peer 0xaaaadf0183b0 (18 bytes)
1652557174.405911 sending message 112 to peer 0xaaaadf0183b0 (9 bytes)
1652557174.405926 sending message 112 to peer 0xaaaadf0183b0 (21 bytes)
1652557174.405942 sending message 112 to peer 0xaaaadf0183b0 (13 bytes)
1652557174.405958 sending message 112 to peer 0xaaaadf0183b0 (7 bytes)
1652557174.405974 sending message 112 to peer 0xaaaadf0183b0 (13 bytes)
1652557174.405990 sending message 112 to peer 0xaaaadf0183b0 (7 bytes)
1652557174.406006 sending message 112 to peer 0xaaaadf0183b0 (13 bytes)
1652557174.406021 sending message 112 to peer 0xaaaadf0183b0 (9 bytes)
1652557174.406037 sending message 112 to peer 0xaaaadf0183b0 (21 bytes)
1652557174.406053 sending message 112 to peer 0xaaaadf0183b0 (13 bytes)
1652557174.406069 sending message 112 to peer 0xaaaadf0183b0 (8 bytes)
1652557174.406084 sending message 112 to peer 0xaaaadf0183b0 (12 bytes)
1652557174.406100 sending message 112 to peer 0xaaaadf0183b0 (13 bytes)
1652557174.406115 sending message 112 to peer 0xaaaadf0183b0 (9 bytes)
1652557174.406131 sending message 112 to peer 0xaaaadf0183b0 (9 bytes)
1652557174.406147 sending message 112 to peer 0xaaaadf0183b0 (12 bytes)
1652557174.406163 sending message 112 to peer 0xaaaadf0183b0 (8 bytes)
1652557174.406178 sending message 112 to peer 0xaaaadf0183b0 (7 bytes)
1652557174.406302 sending message 112 to peer 0xaaaadf0183b0 (7 bytes)
1652557174.406325 sending message 112 to peer 0xaaaadf0183b0 (9 bytes)
1652557174.406341 sending message 112 to peer 0xaaaadf0183b0 (13 bytes)
1652557174.406357 sending message 112 to peer 0xaaaadf0183b0 (9 bytes)
1652557174.406373 sending message 112 to peer 0xaaaadf0183b0 (15 bytes)
1652557174.406389 sending message 112 to peer 0xaaaadf0183b0 (13 bytes)
1652557174.406404 sending message 112 to peer 0xaaaadf0183b0 (12 bytes)
1652557174.406420 sending message 112 to peer 0xaaaadf0183b0 (8 bytes)
1652557174.406436 sending message 112 to peer 0xaaaadf0183b0 (14 bytes)
1652557174.406452 sending message 112 to peer 0xaaaadf0183b0 (9 bytes)
1652557174.406467 sending message 112 to peer 0xaaaadf0183b0 (10 bytes)
1652557174.406483 sending message 112 to peer 0xaaaadf0183b0 (10 bytes)
1652557174.406499 sending message 112 to peer 0xaaaadf0183b0 (10 bytes)
1652557174.406514 sending message 112 to peer 0xaaaadf0183b0 (10 bytes)
1652557174.406530 sending message 112 to peer 0xaaaadf0183b0 (11 bytes)
1652557174.406546 sending message 112 to peer 0xaaaadf0183b0 (10 bytes)
1652557174.406562 sending message 112 to peer 0xaaaadf0183b0 (8 bytes)
1652557174.406578 sending message 112 to peer 0xaaaadf0183b0 (11 bytes)
1652557174.406623 sending message 112 to peer 0xaaaadf0183b0 (11 bytes)
1652557174.406639 sending message 112 to peer 0xaaaadf0183b0 (11 bytes)
1652557174.406655 sending message 112 to peer 0xaaaadf0183b0 (8 bytes)
1652557174.406670 sending message 112 to peer 0xaaaadf0183b0 (8 bytes)
1652557174.406686 sending message 112 to peer 0xaaaadf0183b0 (8 bytes)
1652557174.406701 sending message 112 to peer 0xaaaadf0183b0 (10 bytes)
1652557174.406717 sending message 112 to peer 0xaaaadf0183b0 (10 bytes)
1652557174.406733 sending message 112 to peer 0xaaaadf0183b0 (10 bytes)
1652557174.406748 sending message 112 to peer 0xaaaadf0183b0 (10 bytes)
1652557174.406764 sending message 112 to peer 0xaaaadf0183b0 (10 bytes)
1652557174.406780 sending message 112 to peer 0xaaaadf0183b0 (11 bytes)
1652557174.406796 sending message 112 to peer 0xaaaadf0183b0 (11 bytes)
1652557174.406812 sending message 112 to peer 0xaaaadf0183b0 (10 bytes)
1652557174.406827 sending message 112 to peer 0xaaaadf0183b0 (9 bytes)
1652557174.406843 sending message 112 to peer 0xaaaadf0183b0 (9 bytes)
1652557174.406859 sending message 112 to peer 0xaaaadf0183b0 (12 bytes)
1652557174.406875 sending message 112 to peer 0xaaaadf0183b0 (9 bytes)
1652557174.406890 sending message 112 to peer 0xaaaadf0183b0 (6 bytes)
1652557174.406906 sending message 112 to peer 0xaaaadf0183b0 (8 bytes)
1652557174.406922 sending message 112 to peer 0xaaaadf0183b0 (15 bytes)
1652557174.406938 sending message 112 to peer 0xaaaadf0183b0 (13 bytes)
1652557174.406954 sending message 112 to peer 0xaaaadf0183b0 (16 bytes)
1652557174.406970 sending message 112 to peer 0xaaaadf0183b0 (16 bytes)
1652557174.406985 sending message 112 to peer 0xaaaadf0183b0 (10 bytes)
1652557174.407001 sending message 112 to peer 0xaaaadf0183b0 (8 bytes)
1652557174.407017 sending message 112 to peer 0xaaaadf0183b0 (15 bytes)
1652557174.407033 sending message 112 to peer 0xaaaadf0183b0 (13 bytes)
1652557174.407048 sending message 112 to peer 0xaaaadf0183b0 (10 bytes)
1652557174.407064 sending message 112 to peer 0xaaaadf0183b0 (10 bytes)
1652557174.407080 sending message 112 to peer 0xaaaadf0183b0 (5 bytes)
1652557174.407096 sending message 112 to peer 0xaaaadf0183b0 (15 bytes)
1652557174.407116 sending message 104 to peer 0xaaaadf0183b0 (0 bytes)
1652557174.407135 sending message 110 to peer 0xaaaadf0183b0 (0 bytes)
1652557174.407153 sending message 107 to peer 0xaaaadf0183b0 (4 bytes)
1652557174.407169 sending message 105 to peer 0xaaaadf0183b0 (16 bytes)
1652557174.407185 sending message 105 to peer 0xaaaadf0183b0 (34 bytes)
1652557174.407201 sending message 105 to peer 0xaaaadf0183b0 (20 bytes)
1652557174.407217 sending message 105 to peer 0xaaaadf0183b0 (54 bytes)
1652557174.407232 sending message 105 to peer 0xaaaadf0183b0 (24 bytes)
1652557174.407248 sending message 105 to peer 0xaaaadf0183b0 (11 bytes)
1652557174.407263 sending message 105 to peer 0xaaaadf0183b0 (11 bytes)
1652557174.407279 sending message 105 to peer 0xaaaadf0183b0 (19 bytes)
1652557174.407295 sending message 105 to peer 0xaaaadf0183b0 (21 bytes)
1652557174.407311 sending message 105 to peer 0xaaaadf0183b0 (32 bytes)
1652557174.407326 sending message 105 to peer 0xaaaadf0183b0 (17 bytes)
1652557174.407342 sending message 105 to peer 0xaaaadf0183b0 (17 bytes)
1652557174.407358 sending message 105 to peer 0xaaaadf0183b0 (23 bytes)
1652557174.407373 sending message 105 to peer 0xaaaadf0183b0 (30 bytes)
1652557174.407389 sending message 105 to peer 0xaaaadf0183b0 (27 bytes)
1652557174.407405 sending message 105 to peer 0xaaaadf0183b0 (24 bytes)
1652557174.407420 sending message 105 to peer 0xaaaadf0183b0 (20 bytes)
1652557174.407436 sending message 105 to peer 0xaaaadf0183b0 (23 bytes)
1652557174.407451 sending message 105 to peer 0xaaaadf0183b0 (21 bytes)
1652557174.407467 sending message 105 to peer 0xaaaadf0183b0 (25 bytes)
1652557174.407483 sending message 105 to peer 0xaaaadf0183b0 (20 bytes)
1652557174.407498 sending message 105 to peer 0xaaaadf0183b0 (8 bytes)
1652557174.407514 sending message 105 to peer 0xaaaadf0183b0 (31 bytes)
1652557174.407546 sending message 105 to peer 0xaaaadf0183b0 (42 bytes)
1652557174.407562 sending message 105 to peer 0xaaaadf0183b0 (14 bytes)
1652557174.407578 sending message 105 to peer 0xaaaadf0183b0 (32 bytes)
1652557174.407596 sending message 105 to peer 0xaaaadf0183b0 (1764 bytes)
1652557174.407638 sending message 105 to peer 0xaaaadf0183b0 (27 bytes)
1652557174.407654 sending message 105 to peer 0xaaaadf0183b0 (15 bytes)
1652557174.407670 sending message 105 to peer 0xaaaadf0183b0 (51 bytes)
1652557174.407686 sending message 105 to peer 0xaaaadf0183b0 (10 bytes)
1652557174.407701 sending message 105 to peer 0xaaaadf0183b0 (12 bytes)
1652557174.407717 sending message 105 to peer 0xaaaadf0183b0 (11 bytes)
1652557174.407732 sending message 105 to peer 0xaaaadf0183b0 (312 bytes)
1652557174.407748 sending message 105 to peer 0xaaaadf0183b0 (48 bytes)
1652557174.407764 sending message 105 to peer 0xaaaadf0183b0 (27 bytes)
1652557174.407779 sending message 105 to peer 0xaaaadf0183b0 (15 bytes)
1652557174.407842 sending message 105 to peer 0xaaaadf0183b0 (15 bytes)
1652557174.407866 sending message 105 to peer 0xaaaadf0183b0 (8 bytes)
1652557174.407883 sending message 105 to peer 0xaaaadf0183b0 (22 bytes)
1652557174.407898 sending message 105 to peer 0xaaaadf0183b0 (12 bytes)
1652557174.407914 sending message 105 to peer 0xaaaadf0183b0 (16 bytes)
1652557174.407930 sending message 105 to peer 0xaaaadf0183b0 (18 bytes)
1652557174.407945 sending message 105 to peer 0xaaaadf0183b0 (26 bytes)
1652557174.407961 sending message 105 to peer 0xaaaadf0183b0 (35 bytes)
1652557174.407977 sending message 105 to peer 0xaaaadf0183b0 (13 bytes)
1652557174.407992 sending message 105 to peer 0xaaaadf0183b0 (52 bytes)
1652557174.408008 sending message 105 to peer 0xaaaadf0183b0 (20 bytes)
1652557174.408024 sending message 105 to peer 0xaaaadf0183b0 (11 bytes)
1652557174.408039 sending message 105 to peer 0xaaaadf0183b0 (15 bytes)
1652557174.408055 sending message 105 to peer 0xaaaadf0183b0 (12 bytes)
1652557174.408070 sending message 105 to peer 0xaaaadf0183b0 (17 bytes)
1652557174.408086 sending message 105 to peer 0xaaaadf0183b0 (18 bytes)
1652557174.408101 sending message 105 to peer 0xaaaadf0183b0 (13 bytes)
1652557174.408117 sending message 105 to peer 0xaaaadf0183b0 (41 bytes)
1652557174.408133 sending message 105 to peer 0xaaaadf0183b0 (145 bytes)
1652557174.408148 sending message 105 to peer 0xaaaadf0183b0 (31 bytes)
1652557174.408164 sending message 105 to peer 0xaaaadf0183b0 (15 bytes)
1652557174.408180 sending message 105 to peer 0xaaaadf0183b0 (23 bytes)
1652557174.408196 sending message 105 to peer 0xaaaadf0183b0 (28 bytes)
1652557174.408211 sending message 105 to peer 0xaaaadf0183b0 (18 bytes)
1652557174.408227 sending message 105 to peer 0xaaaadf0183b0 (21 bytes)
1652557174.408242 sending message 105 to peer 0xaaaadf0183b0 (11 bytes)
1652557174.408258 sending message 105 to peer 0xaaaadf0183b0 (27 bytes)
1652557174.408274 sending message 105 to peer 0xaaaadf0183b0 (16 bytes)
1652557174.408289 sending message 105 to peer 0xaaaadf0183b0 (20 bytes)
1652557174.408305 sending message 106 to peer 0xaaaadf0183b0 (0 bytes)
1652557174.408339 sending message 200 to peer 0xaaaadf0183b0 (4 bytes)
1652557174.408355 client loop enter
1652557174.413450 peer 0xaaaadf0183b0 message 303
1652557174.413511 open write file 2 -
1652557174.413547 sending message 305 to peer 0xaaaadf0183b0 (8 bytes)
1652557174.413626 write check file 2
1652557174.414013 peer 0xaaaadf0183b0 message 304
1652557174.414035 write 58 to file 2
1652557174.414053 peer 0xaaaadf0183b0 message 203
1652557174.414067 file 2 58 bytes left
1652557174.414126 write check file 2
1652557174.414154 client loop exit
